[1012/201226.063:ERROR:directory_reader_win.cc(43)] FindFirstFile: Le chemin d’accès spécifié est introuvable. (0x3)
[1012/223539.766:ERROR:directory_reader_win.cc(43)] FindFirstFile: Le chemin d’accès spécifié est introuvable. (0x3)
[1013/151844.857:ERROR:directory_reader_win.cc(43)] FindFirstFile: Le chemin d’accès spécifié est introuvable. (0x3)
[1013/182852.970:ERROR:directory_reader_win.cc(43)] FindFirstFile: Le chemin d’accès spécifié est introuvable. (0x3)
[1013/212825.544:ERROR:directory_reader_win.cc(43)] FindFirstFile: Le chemin d’accès spécifié est introuvable. (0x3)
[1014/131114.422:ERROR:directory_reader_win.cc(43)] FindFirstFile: Le chemin d’accès spécifié est introuvable. (0x3)
[1014/145308.784:ERROR:directory_reader_win.cc(43)] FindFirstFile: Le chemin d’accès spécifié est introuvable. (0x3)
[1014/222514.068:ERROR:directory_reader_win.cc(43)] FindFirstFile: Le chemin d’accès spécifié est introuvable. (0x3)
[1015/173653.293:ERROR:directory_reader_win.cc(43)] FindFirstFile: Le chemin d’accès spécifié est introuvable. (0x3)
[1015/211158.897:ERROR:directory_reader_win.cc(43)] FindFirstFile: Le chemin d’accès spécifié est introuvable. (0x3)
[1016/172935.690:ERROR:directory_reader_win.cc(43)] FindFirstFile: Le chemin d’accès spécifié est introuvable. (0x3)
[1017/094508.394:ERROR:directory_reader_win.cc(43)] FindFirstFile: Le chemin d’accès spécifié est introuvable. (0x3)
[1017/180430.321:ERROR:directory_reader_win.cc(43)] FindFirstFile: Le chemin d’accès spécifié est introuvable. (0x3)
[1018/101348.824:ERROR:directory_reader_win.cc(43)] FindFirstFile: Le chemin d’accès spécifié est introuvable. (0x3)
[1018/185726.484:ERROR:directory_reader_win.cc(43)] FindFirstFile: Le chemin d’accès spécifié est introuvable. (0x3)
[1019/161124.500:ERROR:directory_reader_win.cc(43)] FindFirstFile: Le chemin d’accès spécifié est introuvable. (0x3)
[1019/220716.632:ERROR:directory_reader_win.cc(43)] FindFirstFile: Le chemin d’accès spécifié est introuvable. (0x3)
[1020/141528.294:ERROR:directory_reader_win.cc(43)] FindFirstFile: Le chemin d’accès spécifié est introuvable. (0x3)
[1020/231914.837:ERROR:process_reader_win.cc(151)] SuspendThread: Accès refusé. (0x5)
[1020/231914.837:ERROR:process_reader_win.cc(151)] SuspendThread: Accès refusé. (0x5)
[1020/231914.837:ERROR:process_reader_win.cc(151)] SuspendThread: Accès refusé. (0x5)
[1020/231914.837:ERROR:process_reader_win.cc(151)] SuspendThread: Accès refusé. (0x5)
[1020/231914.837:ERROR:process_reader_win.cc(151)] SuspendThread: Accès refusé. (0x5)
[1020/231914.837:ERROR:process_reader_win.cc(151)] SuspendThread: Accès refusé. (0x5)
[1020/231914.852:ERROR:process_reader_win.cc(151)] SuspendThread: Accès refusé. (0x5)
[1020/231914.852:ERROR:process_reader_win.cc(151)] SuspendThread: Accès refusé. (0x5)
[1020/231914.852:ERROR:process_reader_win.cc(151)] SuspendThread: Accès refusé. (0x5)
[1020/231914.852:ERROR:process_reader_win.cc(151)] SuspendThread: Accès refusé. (0x5)
[1020/231914.852:ERROR:process_reader_win.cc(123)] NtOpenThread: {Accès refusé} Un processus a demandé l’accès a un objet, mais il ne bénéficie pas des autorisations nécessaires. (0xc0000022)
[1020/231914.852:ERROR:exception_snapshot_win.cc(99)] thread ID 56644 not found in process
[1020/231914.852:ERROR:process_reader_win.cc(151)] SuspendThread: Accès refusé. (0x5)
[1020/231914.852:ERROR:process_reader_win.cc(151)] SuspendThread: Accès refusé. (0x5)
[1020/231914.852:ERROR:process_reader_win.cc(151)] SuspendThread: Accès refusé. (0x5)
[1020/231914.852:ERROR:process_reader_win.cc(151)] SuspendThread: Accès refusé. (0x5)
[1020/231914.852:ERROR:process_reader_win.cc(151)] SuspendThread: Accès refusé. (0x5)
[1020/231914.852:ERROR:process_reader_win.cc(151)] SuspendThread: Accès refusé. (0x5)
[1020/231914.852:ERROR:process_reader_win.cc(151)] SuspendThread: Accès refusé. (0x5)
[1020/231914.852:ERROR:process_reader_win.cc(151)] SuspendThread: Accès refusé. (0x5)
[1020/231914.852:ERROR:process_reader_win.cc(151)] SuspendThread: Accès refusé. (0x5)
[1020/231914.852:ERROR:process_reader_win.cc(123)] NtOpenThread: {Accès refusé} Un processus a demandé l’accès a un objet, mais il ne bénéficie pas des autorisations nécessaires. (0xc0000022)
[1020/231914.852:ERROR:exception_snapshot_win.cc(99)] thread ID 53872 not found in process
[1021/152736.169:ERROR:directory_reader_win.cc(43)] FindFirstFile: Le chemin d’accès spécifié est introuvable. (0x3)
[1023/171243.272:ERROR:directory_reader_win.cc(43)] FindFirstFile: Le chemin d’accès spécifié est introuvable. (0x3)
[1024/120355.496:ERROR:directory_reader_win.cc(43)] FindFirstFile: Le chemin d’accès spécifié est introuvable. (0x3)
[1024/144344.406:ERROR:process_reader_win.cc(151)] SuspendThread: Accès refusé. (0x5)
[1024/144344.406:ERROR:process_reader_win.cc(151)] SuspendThread: Accès refusé. (0x5)
[1024/144344.406:ERROR:process_reader_win.cc(151)] SuspendThread: Accès refusé. (0x5)
[1024/144344.406:ERROR:process_reader_win.cc(151)] SuspendThread: Accès refusé. (0x5)
[1024/144344.406:ERROR:process_reader_win.cc(151)] SuspendThread: Accès refusé. (0x5)
[1024/144344.406:ERROR:process_reader_win.cc(151)] SuspendThread: Accès refusé. (0x5)
[1024/144344.406:ERROR:process_reader_win.cc(151)] SuspendThread: Accès refusé. (0x5)
[1024/144344.406:ERROR:process_reader_win.cc(151)] SuspendThread: Accès refusé. (0x5)
[1024/144344.406:ERROR:process_reader_win.cc(151)] SuspendThread: Accès refusé. (0x5)
[1024/144344.406:ERROR:process_reader_win.cc(151)] SuspendThread: Accès refusé. (0x5)
[1024/144344.406:ERROR:process_reader_win.cc(151)] SuspendThread: Accès refusé. (0x5)
[1024/144344.406:ERROR:process_reader_win.cc(151)] SuspendThread: Accès refusé. (0x5)
[1024/144344.406:ERROR:process_reader_win.cc(123)] NtOpenThread: {Accès refusé} Un processus a demandé l’accès a un objet, mais il ne bénéficie pas des autorisations nécessaires. (0xc0000022)
[1024/144344.406:ERROR:exception_snapshot_win.cc(99)] thread ID 70904 not found in process
[1024/144344.406:ERROR:process_reader_win.cc(151)] SuspendThread: Accès refusé. (0x5)
[1024/144344.406:ERROR:process_reader_win.cc(151)] SuspendThread: Accès refusé. (0x5)
[1024/144344.406:ERROR:process_reader_win.cc(151)] SuspendThread: Accès refusé. (0x5)
[1024/144344.406:ERROR:process_reader_win.cc(151)] SuspendThread: Accès refusé. (0x5)
[1024/144344.406:ERROR:process_reader_win.cc(151)] SuspendThread: Accès refusé. (0x5)
[1024/144344.406:ERROR:process_reader_win.cc(151)] SuspendThread: Accès refusé. (0x5)
[1024/144344.406:ERROR:process_reader_win.cc(151)] SuspendThread: Accès refusé. (0x5)
[1024/144344.406:ERROR:process_reader_win.cc(151)] SuspendThread: Accès refusé. (0x5)
[1024/144344.406:ERROR:process_reader_win.cc(151)] SuspendThread: Accès refusé. (0x5)
[1024/144344.406:ERROR:process_reader_win.cc(151)] SuspendThread: Accès refusé. (0x5)
[1024/144344.406:ERROR:process_reader_win.cc(151)] SuspendThread: Accès refusé. (0x5)
[1024/144344.406:ERROR:process_reader_win.cc(123)] NtOpenThread: {Accès refusé} Un processus a demandé l’accès a un objet, mais il ne bénéficie pas des autorisations nécessaires. (0xc0000022)
[1024/144344.406:ERROR:exception_snapshot_win.cc(99)] thread ID 66576 not found in process
[1024/144344.499:ERROR:process_reader_win.cc(151)] SuspendThread: Accès refusé. (0x5)
[1024/144344.499:ERROR:process_reader_win.cc(151)] SuspendThread: Accès refusé. (0x5)
[1024/144344.499:ERROR:process_reader_win.cc(151)] SuspendThread: Accès refusé. (0x5)
[1024/144344.499:ERROR:process_reader_win.cc(151)] SuspendThread: Accès refusé. (0x5)
[1024/144344.499:ERROR:process_reader_win.cc(151)] SuspendThread: Accès refusé. (0x5)
[1024/144344.499:ERROR:process_reader_win.cc(151)] SuspendThread: Accès refusé. (0x5)
[1024/144344.499:ERROR:process_reader_win.cc(151)] SuspendThread: Accès refusé. (0x5)
[1024/144344.499:ERROR:process_reader_win.cc(151)] SuspendThread: Accès refusé. (0x5)
[1024/144344.499:ERROR:process_reader_win.cc(123)] NtOpenThread: {Accès refusé} Un processus a demandé l’accès a un objet, mais il ne bénéficie pas des autorisations nécessaires. (0xc0000022)
[1024/144344.499:ERROR:exception_snapshot_win.cc(99)] thread ID 73140 not found in process
[1024/144344.594:ERROR:process_reader_win.cc(151)] SuspendThread: Accès refusé. (0x5)
[1024/144344.594:ERROR:process_reader_win.cc(151)] SuspendThread: Accès refusé. (0x5)
[1024/144344.594:ERROR:process_reader_win.cc(151)] SuspendThread: Accès refusé. (0x5)
[1024/144344.594:ERROR:process_reader_win.cc(151)] SuspendThread: Accès refusé. (0x5)
[1024/144344.594:ERROR:process_reader_win.cc(151)] SuspendThread: Accès refusé. (0x5)
[1024/144344.594:ERROR:process_reader_win.cc(151)] SuspendThread: Accès refusé. (0x5)
[1024/144344.594:ERROR:process_reader_win.cc(151)] SuspendThread: Accès refusé. (0x5)
[1024/144344.594:ERROR:process_reader_win.cc(151)] SuspendThread: Accès refusé. (0x5)
[1024/144344.594:ERROR:process_reader_win.cc(151)] SuspendThread: Accès refusé. (0x5)
[1024/144344.594:ERROR:process_reader_win.cc(151)] SuspendThread: Accès refusé. (0x5)
[1024/144344.594:ERROR:process_reader_win.cc(151)] SuspendThread: Accès refusé. (0x5)
[1024/144344.594:ERROR:process_reader_win.cc(151)] SuspendThread: Accès refusé. (0x5)
[1024/144344.594:ERROR:process_reader_win.cc(151)] SuspendThread: Accès refusé. (0x5)
[1024/144344.594:ERROR:process_reader_win.cc(151)] SuspendThread: Accès refusé. (0x5)
[1024/144344.594:ERROR:process_reader_win.cc(123)] NtOpenThread: {Accès refusé} Un processus a demandé l’accès a un objet, mais il ne bénéficie pas des autorisations nécessaires. (0xc0000022)
[1024/144344.594:ERROR:exception_snapshot_win.cc(99)] thread ID 82036 not found in process
[1024/160817.765:ERROR:directory_reader_win.cc(43)] FindFirstFile: Le chemin d’accès spécifié est introuvable. (0x3)
[1025/014034.762:ERROR:process_reader_win.cc(151)] SuspendThread: Accès refusé. (0x5)
[1025/014034.762:ERROR:process_reader_win.cc(151)] SuspendThread: Accès refusé. (0x5)
[1025/014034.762:ERROR:process_reader_win.cc(151)] SuspendThread: Accès refusé. (0x5)
[1025/014034.762:ERROR:process_reader_win.cc(151)] SuspendThread: Accès refusé. (0x5)
[1025/014034.762:ERROR:process_reader_win.cc(151)] SuspendThread: Accès refusé. (0x5)
[1025/014034.762:ERROR:process_reader_win.cc(151)] SuspendThread: Accès refusé. (0x5)
[1025/014034.762:ERROR:process_reader_win.cc(151)] SuspendThread: Accès refusé. (0x5)
[1025/014034.762:ERROR:process_reader_win.cc(151)] SuspendThread: Accès refusé. (0x5)
[1025/014034.762:ERROR:process_reader_win.cc(151)] SuspendThread: Accès refusé. (0x5)
[1025/014034.762:ERROR:process_reader_win.cc(151)] SuspendThread: Accès refusé. (0x5)
[1025/014034.762:ERROR:process_reader_win.cc(123)] NtOpenThread: {Accès refusé} Un processus a demandé l’accès a un objet, mais il ne bénéficie pas des autorisations nécessaires. (0xc0000022)
[1025/014034.762:ERROR:exception_snapshot_win.cc(99)] thread ID 88924 not found in process
[1025/014034.778:ERROR:process_reader_win.cc(151)] SuspendThread: Accès refusé. (0x5)
[1025/014034.778:ERROR:process_reader_win.cc(151)] SuspendThread: Accès refusé. (0x5)
[1025/014034.778:ERROR:process_reader_win.cc(151)] SuspendThread: Accès refusé. (0x5)
[1025/014034.778:ERROR:process_reader_win.cc(151)] SuspendThread: Accès refusé. (0x5)
[1025/014034.778:ERROR:process_reader_win.cc(151)] SuspendThread: Accès refusé. (0x5)
[1025/014034.778:ERROR:process_reader_win.cc(151)] SuspendThread: Accès refusé. (0x5)
[1025/014034.778:ERROR:process_reader_win.cc(151)] SuspendThread: Accès refusé. (0x5)
[1025/014034.778:ERROR:process_reader_win.cc(151)] SuspendThread: Accès refusé. (0x5)
[1025/014034.778:ERROR:process_reader_win.cc(123)] NtOpenThread: {Accès refusé} Un processus a demandé l’accès a un objet, mais il ne bénéficie pas des autorisations nécessaires. (0xc0000022)
[1025/014034.778:ERROR:exception_snapshot_win.cc(99)] thread ID 87612 not found in process
[1025/014034.825:ERROR:process_reader_win.cc(151)] SuspendThread: Accès refusé. (0x5)
[1025/014034.825:ERROR:process_reader_win.cc(151)] SuspendThread: Accès refusé. (0x5)
[1025/014034.825:ERROR:process_reader_win.cc(151)] SuspendThread: Accès refusé. (0x5)
[1025/014034.825:ERROR:process_reader_win.cc(151)] SuspendThread: Accès refusé. (0x5)
[1025/014034.825:ERROR:process_reader_win.cc(151)] SuspendThread: Accès refusé. (0x5)
[1025/014034.825:ERROR:process_reader_win.cc(151)] SuspendThread: Accès refusé. (0x5)
[1025/014034.825:ERROR:process_reader_win.cc(151)] SuspendThread: Accès refusé. (0x5)
[1025/014034.825:ERROR:process_reader_win.cc(123)] NtOpenThread: {Accès refusé} Un processus a demandé l’accès a un objet, mais il ne bénéficie pas des autorisations nécessaires. (0xc0000022)
[1025/014034.825:ERROR:exception_snapshot_win.cc(99)] thread ID 88516 not found in process
[1025/014034.825:ERROR:process_reader_win.cc(151)] SuspendThread: Accès refusé. (0x5)
[1025/014034.825:ERROR:process_reader_win.cc(151)] SuspendThread: Accès refusé. (0x5)
[1025/014034.825:ERROR:process_reader_win.cc(151)] SuspendThread: Accès refusé. (0x5)
[1025/014034.825:ERROR:process_reader_win.cc(151)] SuspendThread: Accès refusé. (0x5)
[1025/014034.825:ERROR:process_reader_win.cc(151)] SuspendThread: Accès refusé. (0x5)
[1025/014034.825:ERROR:process_reader_win.cc(151)] SuspendThread: Accès refusé. (0x5)
[1025/014034.825:ERROR:process_reader_win.cc(151)] SuspendThread: Accès refusé. (0x5)
[1025/014034.825:ERROR:process_reader_win.cc(151)] SuspendThread: Accès refusé. (0x5)
[1025/014034.825:ERROR:process_reader_win.cc(151)] SuspendThread: Accès refusé. (0x5)
[1025/014034.825:ERROR:process_reader_win.cc(151)] SuspendThread: Accès refusé. (0x5)
[1025/014034.825:ERROR:process_reader_win.cc(151)] SuspendThread: Accès refusé. (0x5)
[1025/014034.825:ERROR:process_reader_win.cc(151)] SuspendThread: Accès refusé. (0x5)
[1025/014034.825:ERROR:process_reader_win.cc(151)] SuspendThread: Accès refusé. (0x5)
[1025/014034.825:ERROR:process_reader_win.cc(123)] NtOpenThread: {Accès refusé} Un processus a demandé l’accès a un objet, mais il ne bénéficie pas des autorisations nécessaires. (0xc0000022)
[1025/014034.825:ERROR:exception_snapshot_win.cc(99)] thread ID 85052 not found in process
[1025/103235.003:ERROR:directory_reader_win.cc(43)] FindFirstFile: Le chemin d’accès spécifié est introuvable. (0x3)
[1025/164156.638:ERROR:directory_reader_win.cc(43)] FindFirstFile: Le chemin d’accès spécifié est introuvable. (0x3)
[1025/200222.652:ERROR:directory_reader_win.cc(43)] FindFirstFile: Le chemin d’accès spécifié est introuvable. (0x3)
[1025/210042.753:ERROR:directory_reader_win.cc(43)] FindFirstFile: Le chemin d’accès spécifié est introuvable. (0x3)
[1026/141735.778:ERROR:directory_reader_win.cc(43)] FindFirstFile: Le chemin d’accès spécifié est introuvable. (0x3)
[1026/215505.882:ERROR:directory_reader_win.cc(43)] FindFirstFile: Le chemin d’accès spécifié est introuvable. (0x3)
[1027/210609.235:ERROR:file_io.cc(90)] ReadExactly: expected 36, observed 0
[1027/211101.851:ERROR:directory_reader_win.cc(43)] FindFirstFile: Le chemin d’accès spécifié est introuvable. (0x3)
[1028/101238.969:ERROR:directory_reader_win.cc(43)] FindFirstFile: Le chemin d’accès spécifié est introuvable. (0x3)
[1030/185231.345:ERROR:directory_reader_win.cc(43)] FindFirstFile: Le chemin d’accès spécifié est introuvable. (0x3)
[1031/123132.931:ERROR:directory_reader_win.cc(43)] FindFirstFile: Le chemin d’accès spécifié est introuvable. (0x3)
[1031/152649.967:ERROR:directory_reader_win.cc(43)] FindFirstFile: Le chemin d’accès spécifié est introuvable. (0x3)
[1031/230243.976:ERROR:directory_reader_win.cc(43)] FindFirstFile: Le chemin d’accès spécifié est introuvable. (0x3)
[1101/164057.162:ERROR:directory_reader_win.cc(43)] FindFirstFile: Le chemin d’accès spécifié est introuvable. (0x3)
[1102/000649.978:ERROR:directory_reader_win.cc(43)] FindFirstFile: Le chemin d’accès spécifié est introuvable. (0x3)
[1102/132506.002:ERROR:directory_reader_win.cc(43)] FindFirstFile: Le chemin d’accès spécifié est introuvable. (0x3)
[1102/233909.108:ERROR:directory_reader_win.cc(43)] FindFirstFile: Le chemin d’accès spécifié est introuvable. (0x3)
[1103/123330.458:ERROR:directory_reader_win.cc(43)] FindFirstFile: Le chemin d’accès spécifié est introuvable. (0x3)
[1104/121934.929:ERROR:directory_reader_win.cc(43)] FindFirstFile: Le chemin d’accès spécifié est introuvable. (0x3)
[1104/204302.732:ERROR:directory_reader_win.cc(43)] FindFirstFile: Le chemin d’accès spécifié est introuvable. (0x3)
[1105/024134.684:ERROR:directory_reader_win.cc(43)] FindFirstFile: Le chemin d’accès spécifié est introuvable. (0x3)
[1105/114956.364:ERROR:directory_reader_win.cc(43)] FindFirstFile: Le chemin d’accès spécifié est introuvable. (0x3)
[1105/145611.572:ERROR:directory_reader_win.cc(43)] FindFirstFile: Le chemin d’accès spécifié est introuvable. (0x3)
[1105/174142.703:ERROR:directory_reader_win.cc(43)] FindFirstFile: Le chemin d’accès spécifié est introuvable. (0x3)
[1105/201734.598:ERROR:directory_reader_win.cc(43)] FindFirstFile: Le chemin d’accès spécifié est introuvable. (0x3)
[1106/141009.755:ERROR:directory_reader_win.cc(43)] FindFirstFile: Le chemin d’accès spécifié est introuvable. (0x3)
[1110/111204.728:ERROR:file_io.cc(90)] ReadExactly: expected 36, observed 0
[1110/111925.745:ERROR:directory_reader_win.cc(43)] FindFirstFile: Le chemin d’accès spécifié est introuvable. (0x3)
[1113/195607.041:ERROR:directory_reader_win.cc(43)] FindFirstFile: Le chemin d’accès spécifié est introuvable. (0x3)
[1113/235958.839:ERROR:directory_reader_win.cc(43)] FindFirstFile: Le chemin d’accès spécifié est introuvable. (0x3)
[1114/223236.735:ERROR:directory_reader_win.cc(43)] FindFirstFile: Le chemin d’accès spécifié est introuvable. (0x3)
[1115/214756.092:ERROR:directory_reader_win.cc(43)] FindFirstFile: Le chemin d’accès spécifié est introuvable. (0x3)
[1116/111328.106:ERROR:directory_reader_win.cc(43)] FindFirstFile: Le chemin d’accès spécifié est introuvable. (0x3)
[1118/200314.358:ERROR:directory_reader_win.cc(43)] FindFirstFile: Le chemin d’accès spécifié est introuvable. (0x3)
[1120/005114.896:ERROR:directory_reader_win.cc(43)] FindFirstFile: Le chemin d’accès spécifié est introuvable. (0x3)
[1120/114725.168:ERROR:directory_reader_win.cc(43)] FindFirstFile: Le chemin d’accès spécifié est introuvable. (0x3)
[1120/153953.884:ERROR:directory_reader_win.cc(43)] FindFirstFile: Le chemin d’accès spécifié est introuvable. (0x3)
[1121/124253.060:ERROR:directory_reader_win.cc(43)] FindFirstFile: Le chemin d’accès spécifié est introuvable. (0x3)
[1121/211929.151:ERROR:directory_reader_win.cc(43)] FindFirstFile: Le chemin d’accès spécifié est introuvable. (0x3)
[1121/231304.481:ERROR:directory_reader_win.cc(43)] FindFirstFile: Le chemin d’accès spécifié est introuvable. (0x3)
[1122/110236.944:ERROR:directory_reader_win.cc(43)] FindFirstFile: Le chemin d’accès spécifié est introuvable. (0x3)
[1122/121450.178:ERROR:directory_reader_win.cc(43)] FindFirstFile: Le chemin d’accès spécifié est introuvable. (0x3)
[1122/203218.868:ERROR:directory_reader_win.cc(43)] FindFirstFile: Le chemin d’accès spécifié est introuvable. (0x3)
[1123/004453.825:ERROR:directory_reader_win.cc(43)] FindFirstFile: Le chemin d’accès spécifié est introuvable. (0x3)
[1123/103751.817:ERROR:directory_reader_win.cc(43)] FindFirstFile: Le chemin d’accès spécifié est introuvable. (0x3)
[1123/153414.777:ERROR:directory_reader_win.cc(43)] FindFirstFile: Le chemin d’accès spécifié est introuvable. (0x3)
[1123/220246.094:ERROR:directory_reader_win.cc(43)] FindFirstFile: Le chemin d’accès spécifié est introuvable. (0x3)
[1124/144334.295:ERROR:directory_reader_win.cc(43)] FindFirstFile: Le chemin d’accès spécifié est introuvable. (0x3)
[1124/185957.391:ERROR:directory_reader_win.cc(43)] FindFirstFile: Le chemin d’accès spécifié est introuvable. (0x3)
[1125/145854.882:ERROR:directory_reader_win.cc(43)] FindFirstFile: Le chemin d’accès spécifié est introuvable. (0x3)
[1126/142736.452:ERROR:directory_reader_win.cc(43)] FindFirstFile: Le chemin d’accès spécifié est introuvable. (0x3)
[1128/112945.354:ERROR:directory_reader_win.cc(43)] FindFirstFile: Le chemin d’accès spécifié est introuvable. (0x3)
[1130/104505.621:ERROR:directory_reader_win.cc(43)] FindFirstFile: Le chemin d’accès spécifié est introuvable. (0x3)
[1201/154446.508:ERROR:directory_reader_win.cc(43)] FindFirstFile: Le chemin d’accès spécifié est introuvable. (0x3)
[1201/210307.544:ERROR:directory_reader_win.cc(43)] FindFirstFile: Le chemin d’accès spécifié est introuvable. (0x3)
[1202/112305.590:ERROR:directory_reader_win.cc(43)] FindFirstFile: Le chemin d’accès spécifié est introuvable. (0x3)
[1202/195806.259:ERROR:directory_reader_win.cc(43)] FindFirstFile: Le chemin d’accès spécifié est introuvable. (0x3)
[1203/154254.075:ERROR:directory_reader_win.cc(43)] FindFirstFile: Le chemin d’accès spécifié est introuvable. (0x3)
[1203/232400.990:ERROR:directory_reader_win.cc(43)] FindFirstFile: Le chemin d’accès spécifié est introuvable. (0x3)
[1206/223946.382:ERROR:directory_reader_win.cc(43)] FindFirstFile: Le chemin d’accès spécifié est introuvable. (0x3)
[1208/162703.751:ERROR:directory_reader_win.cc(43)] FindFirstFile: Le chemin d’accès spécifié est introuvable. (0x3)
